Analysis & Synthesis report for Checker
Sat Dec 26 10:21:26 2020
Quartus Prime Version 18.1.0 Build 625 09/12/2018 SJ Lite Edition


---------------------
; Table of Contents ;
---------------------
  1. Legal Notice
  2. Analysis & Synthesis Summary
  3. Analysis & Synthesis Settings
  4. Parallel Compilation
  5. Analysis & Synthesis Source Files Read
  6. Analysis & Synthesis Resource Usage Summary
  7. Analysis & Synthesis Resource Utilization by Entity
  8. General Register Statistics
  9. Port Connectivity Checks: "OR8_1:check0"
 10. Analysis & Synthesis Messages



----------------
; Legal Notice ;
----------------
Copyright (C) 2018  Intel Corporation. All rights reserved.
Your use of Intel Corporation's design tools, logic functions 
and other software and tools, and its AMPP partner logic 
functions, and any output files from any of the foregoing 
(including device programming or simulation files), and any 
associated documentation or information are expressly subject 
to the terms and conditions of the Intel Program License 
Subscription Agreement, the Intel Quartus Prime License Agreement,
the Intel FPGA IP License Agreement, or other applicable license
agreement, including, without limitation, that your use is for
the sole purpose of programming logic devices manufactured by
Intel and sold by Intel or its authorized distributors.  Please
refer to the applicable agreement for further details.



+---------------------------------------------------------------------------+
; Analysis & Synthesis Summary                                              ;
+-----------------------------+---------------------------------------------+
; Analysis & Synthesis Status ; Successful - Sat Dec 26 10:21:26 2020       ;
; Quartus Prime Version       ; 18.1.0 Build 625 09/12/2018 SJ Lite Edition ;
; Revision Name               ; Checker                                     ;
; Top-level Entity Name       ; checker                                     ;
; Family                      ; MAX V                                       ;
; Total logic elements        ; 0                                           ;
; Total pins                  ; 25                                          ;
; Total virtual pins          ; 0                                           ;
; UFM blocks                  ; 0 / 1 ( 0 % )                               ;
+-----------------------------+---------------------------------------------+


+------------------------------------------------------------------------------------------------------------+
; Analysis & Synthesis Settings                                                                              ;
+------------------------------------------------------------------+--------------------+--------------------+
; Option                                                           ; Setting            ; Default Value      ;
+------------------------------------------------------------------+--------------------+--------------------+
; Top-level entity name                                            ; checker            ; Checker            ;
; Family name                                                      ; MAX V              ; Cyclone V          ;
; Use smart compilation                                            ; Off                ; Off                ;
; Enable parallel Assembler and Timing Analyzer during compilation ; On                 ; On                 ;
; Enable compact report table                                      ; Off                ; Off                ;
; Restructure Multiplexers                                         ; Auto               ; Auto               ;
; Create Debugging Nodes for IP Cores                              ; Off                ; Off                ;
; Preserve fewer node names                                        ; On                 ; On                 ;
; Intel FPGA IP Evaluation Mode                                    ; Enable             ; Enable             ;
; Verilog Version                                                  ; Verilog_2001       ; Verilog_2001       ;
; VHDL Version                                                     ; VHDL_1993          ; VHDL_1993          ;
; State Machine Processing                                         ; Auto               ; Auto               ;
; Safe State Machine                                               ; Off                ; Off                ;
; Extract Verilog State Machines                                   ; On                 ; On                 ;
; Extract VHDL State Machines                                      ; On                 ; On                 ;
; Ignore Verilog initial constructs                                ; Off                ; Off                ;
; Iteration limit for constant Verilog loops                       ; 5000               ; 5000               ;
; Iteration limit for non-constant Verilog loops                   ; 250                ; 250                ;
; Add Pass-Through Logic to Inferred RAMs                          ; On                 ; On                 ;
; Infer RAMs from Raw Logic                                        ; On                 ; On                 ;
; Parallel Synthesis                                               ; On                 ; On                 ;
; NOT Gate Push-Back                                               ; On                 ; On                 ;
; Power-Up Don't Care                                              ; On                 ; On                 ;
; Remove Redundant Logic Cells                                     ; Off                ; Off                ;
; Remove Duplicate Registers                                       ; On                 ; On                 ;
; Ignore CARRY Buffers                                             ; Off                ; Off                ;
; Ignore CASCADE Buffers                                           ; Off                ; Off                ;
; Ignore GLOBAL Buffers                                            ; Off                ; Off                ;
; Ignore ROW GLOBAL Buffers                                        ; Off                ; Off                ;
; Ignore LCELL Buffers                                             ; Off                ; Off                ;
; Ignore SOFT Buffers                                              ; On                 ; On                 ;
; Limit AHDL Integers to 32 Bits                                   ; Off                ; Off                ;
; Optimization Technique                                           ; Balanced           ; Balanced           ;
; Carry Chain Length                                               ; 70                 ; 70                 ;
; Auto Carry Chains                                                ; On                 ; On                 ;
; Auto Open-Drain Pins                                             ; On                 ; On                 ;
; Perform WYSIWYG Primitive Resynthesis                            ; Off                ; Off                ;
; Auto Shift Register Replacement                                  ; Auto               ; Auto               ;
; Allow Shift Register Merging across Hierarchies                  ; Auto               ; Auto               ;
; Auto Clock Enable Replacement                                    ; On                 ; On                 ;
; Allow Synchronous Control Signals                                ; On                 ; On                 ;
; Force Use of Synchronous Clear Signals                           ; Off                ; Off                ;
; Auto Resource Sharing                                            ; Off                ; Off                ;
; Use LogicLock Constraints during Resource Balancing              ; On                 ; On                 ;
; Ignore translate_off and synthesis_off directives                ; Off                ; Off                ;
; Report Parameter Settings                                        ; On                 ; On                 ;
; Report Source Assignments                                        ; On                 ; On                 ;
; Report Connectivity Checks                                       ; On                 ; On                 ;
; Ignore Maximum Fan-Out Assignments                               ; Off                ; Off                ;
; Synchronization Register Chain Length                            ; 2                  ; 2                  ;
; Power Optimization During Synthesis                              ; Normal compilation ; Normal compilation ;
; HDL message level                                                ; Level2             ; Level2             ;
; Suppress Register Optimization Related Messages                  ; Off                ; Off                ;
; Number of Removed Registers Reported in Synthesis Report         ; 5000               ; 5000               ;
; Number of Swept Nodes Reported in Synthesis Report               ; 5000               ; 5000               ;
; Number of Inverted Registers Reported in Synthesis Report        ; 100                ; 100                ;
; Clock MUX Protection                                             ; On                 ; On                 ;
; Block Design Naming                                              ; Auto               ; Auto               ;
; Synthesis Effort                                                 ; Auto               ; Auto               ;
; Shift Register Replacement - Allow Asynchronous Clear Signal     ; On                 ; On                 ;
; Analysis & Synthesis Message Level                               ; Medium             ; Medium             ;
; Disable Register Merging Across Hierarchies                      ; Auto               ; Auto               ;
+------------------------------------------------------------------+--------------------+--------------------+


+------------------------------------------+
; Parallel Compilation                     ;
+----------------------------+-------------+
; Processors                 ; Number      ;
+----------------------------+-------------+
; Number detected on machine ; 8           ;
; Maximum allowed            ; 4           ;
;                            ;             ;
; Average used               ; 1.00        ;
; Maximum used               ; 1           ;
;                            ;             ;
; Usage by Processor         ; % Time Used ;
;     Processor 1            ; 100.0%      ;
+----------------------------+-------------+


+----------------------------------------------------------------------------------------------------------------------------------------------------------------------------+
; Analysis & Synthesis Source Files Read                                                                                                                                     ;
+----------------------------------+-----------------+-----------------+-------------------------------------------------------------------------------------------+---------+
; File Name with User-Entered Path ; Used in Netlist ; File Type       ; File Name with Absolute Path                                                              ; Library ;
+----------------------------------+-----------------+-----------------+-------------------------------------------------------------------------------------------+---------+
; Encoder_checker.vhd              ; yes             ; User VHDL File  ; C:/Universidade/4ano/1Semestre/ACA/FirstAssigment/Project/CRC_Checker/Encoder_checker.vhd ;         ;
; XOR2_1.vhd                       ; yes             ; User VHDL File  ; C:/Universidade/4ano/1Semestre/ACA/FirstAssigment/Project/CRC_Checker/XOR2_1.vhd          ;         ;
; checker.vhd                      ; yes             ; User VHDL File  ; C:/Universidade/4ano/1Semestre/ACA/FirstAssigment/Project/CRC_Checker/checker.vhd         ;         ;
; OR8_1.vhd                        ; yes             ; User VHDL File  ; C:/Universidade/4ano/1Semestre/ACA/FirstAssigment/Project/CRC_Checker/OR8_1.vhd           ;         ;
+----------------------------------+-----------------+-----------------+-------------------------------------------------------------------------------------------+---------+


+-----------------------------------------------------+
; Analysis & Synthesis Resource Usage Summary         ;
+---------------------------------------------+-------+
; Resource                                    ; Usage ;
+---------------------------------------------+-------+
; Total logic elements                        ; 0     ;
;     -- Combinational with no register       ; 0     ;
;     -- Register only                        ; 0     ;
;     -- Combinational with a register        ; 0     ;
;                                             ;       ;
; Logic element usage by number of LUT inputs ;       ;
;     -- 4 input functions                    ; 0     ;
;     -- 3 input functions                    ; 0     ;
;     -- 2 input functions                    ; 0     ;
;     -- 1 input functions                    ; 0     ;
;     -- 0 input functions                    ; 0     ;
;                                             ;       ;
; Logic elements by mode                      ;       ;
;     -- normal mode                          ; 0     ;
;     -- arithmetic mode                      ; 0     ;
;     -- qfbk mode                            ; 0     ;
;     -- register cascade mode                ; 0     ;
;     -- synchronous clear/load mode          ; 0     ;
;     -- asynchronous clear/load mode         ; 0     ;
;                                             ;       ;
; Total registers                             ; 0     ;
; I/O pins                                    ; 25    ;
+---------------------------------------------+-------+


+------------------------------------------------------------------------------------------------------------------------------------------------------------------------------------------------------------------------------------+
; Analysis & Synthesis Resource Utilization by Entity                                                                                                                                                                                ;
+----------------------------+-------------+--------------+------------+------+--------------+--------------+-------------------+------------------+-----------------+------------+---------------------+-------------+--------------+
; Compilation Hierarchy Node ; Logic Cells ; LC Registers ; UFM Blocks ; Pins ; Virtual Pins ; LUT-Only LCs ; Register-Only LCs ; LUT/Register LCs ; Carry Chain LCs ; Packed LCs ; Full Hierarchy Name ; Entity Name ; Library Name ;
+----------------------------+-------------+--------------+------------+------+--------------+--------------+-------------------+------------------+-----------------+------------+---------------------+-------------+--------------+
; |checker                   ; 0 (0)       ; 0            ; 0          ; 25   ; 0            ; 0 (0)        ; 0 (0)             ; 0 (0)            ; 0 (0)           ; 0 (0)      ; |checker            ; checker     ; work         ;
+----------------------------+-------------+--------------+------------+------+--------------+--------------+-------------------+------------------+-----------------+------------+---------------------+-------------+--------------+
Note: For table entries with two numbers listed, the numbers in parentheses indicate the number of resources of the given type used by the specific entity alone. The numbers listed outside of parentheses indicate the total resources of the given type used by the specific entity and all of its sub-entities in the hierarchy.


+------------------------------------------------------+
; General Register Statistics                          ;
+----------------------------------------------+-------+
; Statistic                                    ; Value ;
+----------------------------------------------+-------+
; Total registers                              ; 0     ;
; Number of registers using Synchronous Clear  ; 0     ;
; Number of registers using Synchronous Load   ; 0     ;
; Number of registers using Asynchronous Clear ; 0     ;
; Number of registers using Asynchronous Load  ; 0     ;
; Number of registers using Clock Enable       ; 0     ;
; Number of registers using Preset             ; 0     ;
+----------------------------------------------+-------+


+-------------------------------------------------------------------------------------------------------------------+
; Port Connectivity Checks: "OR8_1:check0"                                                                          ;
+---------+--------+----------+-------------------------------------------------------------------------------------+
; Port    ; Type   ; Severity ; Details                                                                             ;
+---------+--------+----------+-------------------------------------------------------------------------------------+
; dataout ; Output ; Info     ; Connected to dangling logic. Logic that only feeds a dangling port will be removed. ;
+---------+--------+----------+-------------------------------------------------------------------------------------+


+-------------------------------+
; Analysis & Synthesis Messages ;
+-------------------------------+
Info: *******************************************************************
Info: Running Quartus Prime Analysis & Synthesis
    Info: Version 18.1.0 Build 625 09/12/2018 SJ Lite Edition
    Info: Processing started: Sat Dec 26 10:21:12 2020
Info: Command: quartus_map --read_settings_files=on --write_settings_files=off Checker -c Checker
Warning (18236): Number of processors has not been specified which may cause overloading on shared machines.  Set the global assignment NUM_PARALLEL_PROCESSORS in your QSF to an appropriate value for best performance.
Info (20030): Parallel compilation is enabled and will use 4 of the 4 processors detected
Info (12021): Found 2 design units, including 1 entities, in source file encoder_checker.vhd
    Info (12022): Found design unit 1: Encoder_checker-Struct File: C:/Universidade/4ano/1Semestre/ACA/FirstAssigment/Project/CRC_Checker/Encoder_checker.vhd Line: 19
    Info (12023): Found entity 1: Encoder_checker File: C:/Universidade/4ano/1Semestre/ACA/FirstAssigment/Project/CRC_Checker/Encoder_checker.vhd Line: 7
Info (12021): Found 2 design units, including 1 entities, in source file xor2_1.vhd
    Info (12022): Found design unit 1: XOR2_1-Behav File: C:/Universidade/4ano/1Semestre/ACA/FirstAssigment/Project/CRC_Checker/XOR2_1.vhd Line: 12
    Info (12023): Found entity 1: XOR2_1 File: C:/Universidade/4ano/1Semestre/ACA/FirstAssigment/Project/CRC_Checker/XOR2_1.vhd Line: 7
Info (12021): Found 2 design units, including 1 entities, in source file checker.vhd
    Info (12022): Found design unit 1: checker-Struct File: C:/Universidade/4ano/1Semestre/ACA/FirstAssigment/Project/CRC_Checker/checker.vhd Line: 21
    Info (12023): Found entity 1: checker File: C:/Universidade/4ano/1Semestre/ACA/FirstAssigment/Project/CRC_Checker/checker.vhd Line: 7
Info (12021): Found 2 design units, including 1 entities, in source file or8_1.vhd
    Info (12022): Found design unit 1: OR8_1-Behav File: C:/Universidade/4ano/1Semestre/ACA/FirstAssigment/Project/CRC_Checker/OR8_1.vhd Line: 9
    Info (12023): Found entity 1: OR8_1 File: C:/Universidade/4ano/1Semestre/ACA/FirstAssigment/Project/CRC_Checker/OR8_1.vhd Line: 4
Info (12127): Elaborating entity "checker" for the top level hierarchy
Warning (10036): Verilog HDL or VHDL warning at checker.vhd(28): object "s_check0" assigned a value but never read File: C:/Universidade/4ano/1Semestre/ACA/FirstAssigment/Project/CRC_Checker/checker.vhd Line: 28
Warning (10541): VHDL Signal Declaration warning at checker.vhd(29): used implicit default value for signal "s_check6" because signal was never assigned a value or an explicit default value. Use of implicit default value may introduce unintended design optimizations. File: C:/Universidade/4ano/1Semestre/ACA/FirstAssigment/Project/CRC_Checker/checker.vhd Line: 29
Info (12129): Elaborating entity "Encoder_checker" using architecture "A:struct" for hierarchy "Encoder_checker:encoder_16to8" File: C:/Universidade/4ano/1Semestre/ACA/FirstAssigment/Project/CRC_Checker/checker.vhd Line: 33
Info (12129): Elaborating entity "XOR2_1" using architecture "A:behav" for hierarchy "Encoder_checker:encoder_16to8|XOR2_1:xor0" File: C:/Universidade/4ano/1Semestre/ACA/FirstAssigment/Project/CRC_Checker/Encoder_checker.vhd Line: 32
Info (12129): Elaborating entity "OR8_1" using architecture "A:behav" for hierarchy "OR8_1:check0" File: C:/Universidade/4ano/1Semestre/ACA/FirstAssigment/Project/CRC_Checker/checker.vhd Line: 113
Warning (13024): Output pins are stuck at VCC or GND
    Warning (13410): Pin "check" is stuck at GND File: C:/Universidade/4ano/1Semestre/ACA/FirstAssigment/Project/CRC_Checker/checker.vhd Line: 15
Warning (21074): Design contains 24 input pin(s) that do not drive logic
    Warning (15610): No output dependent on input pin "dIn_0" File: C:/Universidade/4ano/1Semestre/ACA/FirstAssigment/Project/CRC_Checker/checker.vhd Line: 8
    Warning (15610): No output dependent on input pin "dIn_1" File: C:/Universidade/4ano/1Semestre/ACA/FirstAssigment/Project/CRC_Checker/checker.vhd Line: 8
    Warning (15610): No output dependent on input pin "dIn_2" File: C:/Universidade/4ano/1Semestre/ACA/FirstAssigment/Project/CRC_Checker/checker.vhd Line: 8
    Warning (15610): No output dependent on input pin "dIn_3" File: C:/Universidade/4ano/1Semestre/ACA/FirstAssigment/Project/CRC_Checker/checker.vhd Line: 8
    Warning (15610): No output dependent on input pin "dIn_4" File: C:/Universidade/4ano/1Semestre/ACA/FirstAssigment/Project/CRC_Checker/checker.vhd Line: 9
    Warning (15610): No output dependent on input pin "dIn_5" File: C:/Universidade/4ano/1Semestre/ACA/FirstAssigment/Project/CRC_Checker/checker.vhd Line: 9
    Warning (15610): No output dependent on input pin "dIn_6" File: C:/Universidade/4ano/1Semestre/ACA/FirstAssigment/Project/CRC_Checker/checker.vhd Line: 9
    Warning (15610): No output dependent on input pin "dIn_7" File: C:/Universidade/4ano/1Semestre/ACA/FirstAssigment/Project/CRC_Checker/checker.vhd Line: 9
    Warning (15610): No output dependent on input pin "dIn_8" File: C:/Universidade/4ano/1Semestre/ACA/FirstAssigment/Project/CRC_Checker/checker.vhd Line: 10
    Warning (15610): No output dependent on input pin "dIn_9" File: C:/Universidade/4ano/1Semestre/ACA/FirstAssigment/Project/CRC_Checker/checker.vhd Line: 10
    Warning (15610): No output dependent on input pin "dIn_10" File: C:/Universidade/4ano/1Semestre/ACA/FirstAssigment/Project/CRC_Checker/checker.vhd Line: 10
    Warning (15610): No output dependent on input pin "dIn_11" File: C:/Universidade/4ano/1Semestre/ACA/FirstAssigment/Project/CRC_Checker/checker.vhd Line: 10
    Warning (15610): No output dependent on input pin "dIn_12" File: C:/Universidade/4ano/1Semestre/ACA/FirstAssigment/Project/CRC_Checker/checker.vhd Line: 11
    Warning (15610): No output dependent on input pin "dIn_13" File: C:/Universidade/4ano/1Semestre/ACA/FirstAssigment/Project/CRC_Checker/checker.vhd Line: 11
    Warning (15610): No output dependent on input pin "dIn_14" File: C:/Universidade/4ano/1Semestre/ACA/FirstAssigment/Project/CRC_Checker/checker.vhd Line: 11
    Warning (15610): No output dependent on input pin "dIn_15" File: C:/Universidade/4ano/1Semestre/ACA/FirstAssigment/Project/CRC_Checker/checker.vhd Line: 11
    Warning (15610): No output dependent on input pin "dIn_16" File: C:/Universidade/4ano/1Semestre/ACA/FirstAssigment/Project/CRC_Checker/checker.vhd Line: 12
    Warning (15610): No output dependent on input pin "dIn_17" File: C:/Universidade/4ano/1Semestre/ACA/FirstAssigment/Project/CRC_Checker/checker.vhd Line: 12
    Warning (15610): No output dependent on input pin "dIn_18" File: C:/Universidade/4ano/1Semestre/ACA/FirstAssigment/Project/CRC_Checker/checker.vhd Line: 12
    Warning (15610): No output dependent on input pin "dIn_19" File: C:/Universidade/4ano/1Semestre/ACA/FirstAssigment/Project/CRC_Checker/checker.vhd Line: 12
    Warning (15610): No output dependent on input pin "dIn_20" File: C:/Universidade/4ano/1Semestre/ACA/FirstAssigment/Project/CRC_Checker/checker.vhd Line: 13
    Warning (15610): No output dependent on input pin "dIn_21" File: C:/Universidade/4ano/1Semestre/ACA/FirstAssigment/Project/CRC_Checker/checker.vhd Line: 13
    Warning (15610): No output dependent on input pin "dIn_22" File: C:/Universidade/4ano/1Semestre/ACA/FirstAssigment/Project/CRC_Checker/checker.vhd Line: 13
    Warning (15610): No output dependent on input pin "dIn_23" File: C:/Universidade/4ano/1Semestre/ACA/FirstAssigment/Project/CRC_Checker/checker.vhd Line: 13
Info (21057): Implemented 25 device resources after synthesis - the final resource count might be different
    Info (21058): Implemented 24 input pins
    Info (21059): Implemented 1 output pins
Info: Quartus Prime Analysis & Synthesis was successful. 0 errors, 30 warnings
    Info: Peak virtual memory: 4769 megabytes
    Info: Processing ended: Sat Dec 26 10:21:26 2020
    Info: Elapsed time: 00:00:14
    Info: Total CPU time (on all processors): 00:00:27


